2023-09-19 20:39:32,312 - YB.py[line:258] - INFO: 
[01;33m
ТўЊуЈГУЄфтіеТЅЊтЇАжА╣уЏ« #V0.0.1
-------------------------------------------------------------------------
[01;32m
РБљРађРађРађРађРађРађРађРађРађРађРађРађРађРађРађРађРађРађРађРађРађРађРађРађРађРађРађРађРађРађРађРађРађ
РБ┐РАђРађРађРађРађРађРађРађРађРађРБаРБцРБХРБдРАђРађРађРађРађРађРађРађРађРађРађРађРађРађРађРађРађРађ
РБ┐РБЁРАаРаЃРађРађРађРађРађРађРбИРБ┐РБ┐РБ┐РБ┐РБ┐РАёРађРађРађРађРађРађРађРађРађРађРађРађРађРађРађ
РБ┐РБ┐РАЄРађРађРађРађРађРађРађРбИРБ┐РБ┐РБ┐РБ┐РБ┐РАЄРађРађРађРађРађРађРађРађРађРађРађРађРађРађРађ
РБ┐РБ┐РАЄРађРађРађРађРађРађРађРаѕРб╗РБ┐РБ┐РБ┐РБ┐РАЄРађРађРађРађРађРађРађРађРађРађРађРађРађРађРађ
Рб╣РБ┐РБЄРАђРађРађРађРбђРБцРБцРБцРБЙРБ┐РБ┐РБ┐РБ┐РаЄРађРађРађРађРађРађРађРађРађРађРађРађРађРбђ
РбИРБ┐РБ┐РБиРАђРБаРБЙРБ┐РБ┐РБ┐РБ┐РБ┐РБ┐РБ┐РБ┐РБ┐РБиРБдРБђРАђРађРађРађРађРађРађРађРађРбИРБХ
РаўРБ┐РБ┐РБ┐РБ┐РБ┐РБ┐РБ┐РБ┐РБ┐РБ┐РБ┐РБ┐РБ┐РБ┐РБ┐РБ┐РБ┐РБ┐РБ┐РБцРАђРађРађРађРБђРБђРБцРБЙ
РађРб╗РБ┐РБ┐РБ┐РБ┐РБ┐РБ┐РБ┐РБ┐РБ┐РБ┐РБ┐РБ┐РБ┐РБ┐РБ┐РБ┐РБ┐РБ┐РБ┐РБ┐РБ┐РБ┐РБ┐РБ┐РБ┐РБ┐РаЄ
РађРађРаЅРаЎРаЅРаЅРаЂРађРбИРБ┐РБ┐РБ┐РБ┐РБ┐РБ┐РБ┐РБ┐РБ┐РБ┐РБ┐РБ┐Ра┐РБ┐РБ┐РБ┐РаЪРаІРаЂРађРађ


2023-09-19 20:39:32,313 - YB.py[line:259] - INFO: жА╣уЏ«тљ»тіеТѕљтіЪ
2023-09-19 20:39:32,318 - YB.py[line:266] - INFO: У»╗тЈќућеТѕиТЋ░ТЇ«-->>тГдтЈи: 202003140113 у▒╗тъІ: 1 тЅЕСйЎтцЕТЋ░:9999
2023-09-19 20:39:35,403 - YB.py[line:273] - INFO: уЎ╗тйЋТаАжфї-->>УјитЈќТЋ░ТЇ«ТѕљтіЪ
2023-09-19 20:39:35,634 - YB.py[line:292] - INFO: УјитЈќжЊЙТјЦ-->>-->>УјитЈќТЋ░ТЇ«ТѕљтіЪ
2023-09-19 20:39:35,765 - YB.py[line:311] - INFO: УјитЈќтЈѓТЋ░-->>УјитЈќТЋ░ТЇ«ТѕљтіЪ
2023-09-19 20:39:35,765 - YB.py[line:266] - INFO: У»╗тЈќућеТѕиТЋ░ТЇ«-->>тГдтЈи: 202003140118 у▒╗тъІ: 1 тЅЕСйЎтцЕТЋ░:9999
2023-09-19 20:39:35,962 - YB.py[line:273] - INFO: уЎ╗тйЋТаАжфї-->>УјитЈќТЋ░ТЇ«ТѕљтіЪ
2023-09-19 20:39:36,164 - YB.py[line:292] - INFO: УјитЈќжЊЙТјЦ-->>-->>УјитЈќТЋ░ТЇ«ТѕљтіЪ
2023-09-19 20:39:36,304 - YB.py[line:311] - INFO: УјитЈќтЈѓТЋ░-->>УјитЈќТЋ░ТЇ«ТѕљтіЪ
2023-09-19 20:39:36,304 - YB.py[line:266] - INFO: У»╗тЈќућеТѕиТЋ░ТЇ«-->>тГдтЈи: 202003140120 у▒╗тъІ: 1 тЅЕСйЎтцЕТЋ░:9999
2023-09-19 20:39:36,474 - YB.py[line:273] - INFO: уЎ╗тйЋТаАжфї-->>УјитЈќТЋ░ТЇ«ТѕљтіЪ
2023-09-19 20:39:36,712 - YB.py[line:292] - INFO: УјитЈќжЊЙТјЦ-->>-->>УјитЈќТЋ░ТЇ«ТѕљтіЪ
2023-09-19 20:39:36,849 - YB.py[line:311] - INFO: УјитЈќтЈѓТЋ░-->>УјитЈќТЋ░ТЇ«ТѕљтіЪ
2023-09-19 20:39:36,849 - YB.py[line:266] - INFO: У»╗тЈќућеТѕиТЋ░ТЇ«-->>тГдтЈи: 202003140123 у▒╗тъІ: 1 тЅЕСйЎтцЕТЋ░:9999
2023-09-19 20:39:37,020 - YB.py[line:273] - INFO: уЎ╗тйЋТаАжфї-->>УјитЈќТЋ░ТЇ«ТѕљтіЪ
2023-09-19 20:39:37,257 - YB.py[line:292] - INFO: УјитЈќжЊЙТјЦ-->>-->>УјитЈќТЋ░ТЇ«ТѕљтіЪ
2023-09-19 20:39:37,397 - YB.py[line:311] - INFO: УјитЈќтЈѓТЋ░-->>УјитЈќТЋ░ТЇ«ТѕљтіЪ
2023-09-19 20:39:37,397 - YB.py[line:266] - INFO: У»╗тЈќућеТѕиТЋ░ТЇ«-->>тГдтЈи: 202003140124 у▒╗тъІ: 1 тЅЕСйЎтцЕТЋ░:9999
2023-09-19 20:39:37,552 - YB.py[line:273] - INFO: уЎ╗тйЋТаАжфї-->>УјитЈќТЋ░ТЇ«ТѕљтіЪ
2023-09-19 20:39:37,741 - YB.py[line:292] - INFO: УјитЈќжЊЙТјЦ-->>-->>УјитЈќТЋ░ТЇ«ТѕљтіЪ
2023-09-19 20:39:37,898 - YB.py[line:311] - INFO: УјитЈќтЈѓТЋ░-->>УјитЈќТЋ░ТЇ«ТѕљтіЪ
2023-09-19 20:39:37,899 - YB.py[line:266] - INFO: У»╗тЈќућеТѕиТЋ░ТЇ«-->>тГдтЈи: 202006200216 у▒╗тъІ: 1 тЅЕСйЎтцЕТЋ░:9999
2023-09-19 20:39:38,049 - YB.py[line:273] - INFO: уЎ╗тйЋТаАжфї-->>УјитЈќТЋ░ТЇ«ТѕљтіЪ
2023-09-19 20:39:38,301 - YB.py[line:292] - INFO: УјитЈќжЊЙТјЦ-->>-->>УјитЈќТЋ░ТЇ«ТѕљтіЪ
2023-09-19 20:39:38,453 - YB.py[line:311] - INFO: УјитЈќтЈѓТЋ░-->>УјитЈќТЋ░ТЇ«ТѕљтіЪ
2023-09-19 20:39:38,453 - YB.py[line:266] - INFO: У»╗тЈќућеТѕиТЋ░ТЇ«-->>тГдтЈи: 202006200217 у▒╗тъІ: 1 тЅЕСйЎтцЕТЋ░:9999
2023-09-19 20:39:38,616 - YB.py[line:273] - INFO: уЎ╗тйЋТаАжфї-->>УјитЈќТЋ░ТЇ«ТѕљтіЪ
2023-09-19 20:39:38,845 - YB.py[line:292] - INFO: УјитЈќжЊЙТјЦ-->>-->>УјитЈќТЋ░ТЇ«ТѕљтіЪ
2023-09-19 20:39:39,017 - YB.py[line:311] - INFO: УјитЈќтЈѓТЋ░-->>УјитЈќТЋ░ТЇ«ТѕљтіЪ
2023-09-19 20:39:39,018 - YB.py[line:266] - INFO: У»╗тЈќућеТѕиТЋ░ТЇ«-->>тГдтЈи: 202009110231 у▒╗тъІ: 1 тЅЕСйЎтцЕТЋ░:9999
2023-09-19 20:39:39,188 - YB.py[line:273] - INFO: уЎ╗тйЋТаАжфї-->>УјитЈќТЋ░ТЇ«ТѕљтіЪ
2023-09-19 20:39:39,420 - YB.py[line:292] - INFO: УјитЈќжЊЙТјЦ-->>-->>УјитЈќТЋ░ТЇ«ТѕљтіЪ
2023-09-19 20:39:39,564 - YB.py[line:311] - INFO: УјитЈќтЈѓТЋ░-->>УјитЈќТЋ░ТЇ«ТѕљтіЪ
